2026-01-29 10:01:04,881 [Worker-5: Loading available Gradle versions] INFO  o.e.b.c.i.u.g.PublishedGradleVersions - Gradle version information cache is not available. Remote download required.
2026-01-29 10:04:36,804 [Worker-5: Launching mavenrun-9dbd09f9-bac2-4582-aa52-a3d692873bd2] INFO  o.eclipse.m2e.core.internal.Bundles - getClasspathEntries(Bundle=org.eclipse.m2e.maven.runtime_3.9.900.20240824-1409 [300])
2026-01-29 10:04:36,806 [Worker-5: Launching mavenrun-9dbd09f9-bac2-4582-aa52-a3d692873bd2] INFO  o.eclipse.m2e.core.internal.Bundles - 	Entry: C:\Users\cosas\.p2\pool\plugins\org.eclipse.m2e.maven.runtime_3.9.900.20240824-1409
2026-01-29 10:04:36,807 [Worker-5: Launching mavenrun-9dbd09f9-bac2-4582-aa52-a3d692873bd2] INFO  o.eclipse.m2e.core.internal.Bundles - 	Entry: C:\Users\cosas\.p2\pool\plugins\org.eclipse.m2e.maven.runtime_3.9.900.20240824-1409\jars\aopalliance-1.0.jar
2026-01-29 10:04:36,808 [Worker-5: Launching mavenrun-9dbd09f9-bac2-4582-aa52-a3d692873bd2] INFO  o.eclipse.m2e.core.internal.Bundles - 	Entry: C:\Users\cosas\.p2\pool\plugins\org.eclipse.m2e.maven.runtime_3.9.900.20240824-1409\jars\guice-5.1.0.jar
2026-01-29 10:04:36,808 [Worker-5: Launching mavenrun-9dbd09f9-bac2-4582-aa52-a3d692873bd2] INFO  o.eclipse.m2e.core.internal.Bundles - 	Entry: C:\Users\cosas\.p2\pool\plugins\org.eclipse.m2e.maven.runtime_3.9.900.20240824-1409\jars\httpclient-4.5.14.jar
2026-01-29 10:04:36,808 [Worker-5: Launching mavenrun-9dbd09f9-bac2-4582-aa52-a3d692873bd2] INFO  o.eclipse.m2e.core.internal.Bundles - 	Entry: C:\Users\cosas\.p2\pool\plugins\org.eclipse.m2e.maven.runtime_3.9.900.20240824-1409\jars\httpcore-4.4.16.jar
2026-01-29 10:04:36,808 [Worker-5: Launching mavenrun-9dbd09f9-bac2-4582-aa52-a3d692873bd2] INFO  o.eclipse.m2e.core.internal.Bundles - 	Entry: C:\Users\cosas\.p2\pool\plugins\org.eclipse.m2e.maven.runtime_3.9.900.20240824-1409\jars\jansi-2.4.1.jar
2026-01-29 10:04:36,808 [Worker-5: Launching mavenrun-9dbd09f9-bac2-4582-aa52-a3d692873bd2] INFO  o.eclipse.m2e.core.internal.Bundles - 	Entry: C:\Users\cosas\.p2\pool\plugins\org.eclipse.m2e.maven.runtime_3.9.900.20240824-1409\jars\jcl-over-slf4j-1.7.36.jar
2026-01-29 10:04:36,808 [Worker-5: Launching mavenrun-9dbd09f9-bac2-4582-aa52-a3d692873bd2] INFO  o.eclipse.m2e.core.internal.Bundles - 	Entry: C:\Users\cosas\.p2\pool\plugins\org.eclipse.m2e.maven.runtime_3.9.900.20240824-1409\jars\maven-artifact-3.9.9.jar
2026-01-29 10:04:36,808 [Worker-5: Launching mavenrun-9dbd09f9-bac2-4582-aa52-a3d692873bd2] INFO  o.eclipse.m2e.core.internal.Bundles - 	Entry: C:\Users\cosas\.p2\pool\plugins\org.eclipse.m2e.maven.runtime_3.9.900.20240824-1409\jars\maven-builder-support-3.9.9.jar
2026-01-29 10:04:36,809 [Worker-5: Launching mavenrun-9dbd09f9-bac2-4582-aa52-a3d692873bd2] INFO  o.eclipse.m2e.core.internal.Bundles - 	Entry: C:\Users\cosas\.p2\pool\plugins\org.eclipse.m2e.maven.runtime_3.9.900.20240824-1409\jars\maven-compat-3.9.9.jar
2026-01-29 10:04:36,809 [Worker-5: Launching mavenrun-9dbd09f9-bac2-4582-aa52-a3d692873bd2] INFO  o.eclipse.m2e.core.internal.Bundles - 	Entry: C:\Users\cosas\.p2\pool\plugins\org.eclipse.m2e.maven.runtime_3.9.900.20240824-1409\jars\maven-core-3.9.9.jar
2026-01-29 10:04:36,809 [Worker-5: Launching mavenrun-9dbd09f9-bac2-4582-aa52-a3d692873bd2] INFO  o.eclipse.m2e.core.internal.Bundles - 	Entry: C:\Users\cosas\.p2\pool\plugins\org.eclipse.m2e.maven.runtime_3.9.900.20240824-1409\jars\maven-embedder-3.9.9.jar
2026-01-29 10:04:36,809 [Worker-5: Launching mavenrun-9dbd09f9-bac2-4582-aa52-a3d692873bd2] INFO  o.eclipse.m2e.core.internal.Bundles - 	Entry: C:\Users\cosas\.p2\pool\plugins\org.eclipse.m2e.maven.runtime_3.9.900.20240824-1409\jars\maven-model-3.9.9.jar
2026-01-29 10:04:36,809 [Worker-5: Launching mavenrun-9dbd09f9-bac2-4582-aa52-a3d692873bd2] INFO  o.eclipse.m2e.core.internal.Bundles - 	Entry: C:\Users\cosas\.p2\pool\plugins\org.eclipse.m2e.maven.runtime_3.9.900.20240824-1409\jars\maven-model-builder-3.9.9.jar
2026-01-29 10:04:36,809 [Worker-5: Launching mavenrun-9dbd09f9-bac2-4582-aa52-a3d692873bd2] INFO  o.eclipse.m2e.core.internal.Bundles - 	Entry: C:\Users\cosas\.p2\pool\plugins\org.eclipse.m2e.maven.runtime_3.9.900.20240824-1409\jars\maven-plugin-api-3.9.9.jar
2026-01-29 10:04:36,809 [Worker-5: Launching mavenrun-9dbd09f9-bac2-4582-aa52-a3d692873bd2] INFO  o.eclipse.m2e.core.internal.Bundles - 	Entry: C:\Users\cosas\.p2\pool\plugins\org.eclipse.m2e.maven.runtime_3.9.900.20240824-1409\jars\maven-repository-metadata-3.9.9.jar
2026-01-29 10:04:36,809 [Worker-5: Launching mavenrun-9dbd09f9-bac2-4582-aa52-a3d692873bd2] INFO  o.eclipse.m2e.core.internal.Bundles - 	Entry: C:\Users\cosas\.p2\pool\plugins\org.eclipse.m2e.maven.runtime_3.9.900.20240824-1409\jars\maven-resolver-api-1.9.22.jar
2026-01-29 10:04:36,810 [Worker-5: Launching mavenrun-9dbd09f9-bac2-4582-aa52-a3d692873bd2] INFO  o.eclipse.m2e.core.internal.Bundles - 	Entry: C:\Users\cosas\.p2\pool\plugins\org.eclipse.m2e.maven.runtime_3.9.900.20240824-1409\jars\maven-resolver-connector-basic-1.9.22.jar
2026-01-29 10:04:36,810 [Worker-5: Launching mavenrun-9dbd09f9-bac2-4582-aa52-a3d692873bd2] INFO  o.eclipse.m2e.core.internal.Bundles - 	Entry: C:\Users\cosas\.p2\pool\plugins\org.eclipse.m2e.maven.runtime_3.9.900.20240824-1409\jars\maven-resolver-impl-1.9.22.jar
2026-01-29 10:04:36,810 [Worker-5: Launching mavenrun-9dbd09f9-bac2-4582-aa52-a3d692873bd2] INFO  o.eclipse.m2e.core.internal.Bundles - 	Entry: C:\Users\cosas\.p2\pool\plugins\org.eclipse.m2e.maven.runtime_3.9.900.20240824-1409\jars\maven-resolver-named-locks-1.9.22.jar
2026-01-29 10:04:36,810 [Worker-5: Launching mavenrun-9dbd09f9-bac2-4582-aa52-a3d692873bd2] INFO  o.eclipse.m2e.core.internal.Bundles - 	Entry: C:\Users\cosas\.p2\pool\plugins\org.eclipse.m2e.maven.runtime_3.9.900.20240824-1409\jars\maven-resolver-provider-3.9.9.jar
2026-01-29 10:04:36,810 [Worker-5: Launching mavenrun-9dbd09f9-bac2-4582-aa52-a3d692873bd2] INFO  o.eclipse.m2e.core.internal.Bundles - 	Entry: C:\Users\cosas\.p2\pool\plugins\org.eclipse.m2e.maven.runtime_3.9.900.20240824-1409\jars\maven-resolver-spi-1.9.22.jar
2026-01-29 10:04:36,810 [Worker-5: Launching mavenrun-9dbd09f9-bac2-4582-aa52-a3d692873bd2] INFO  o.eclipse.m2e.core.internal.Bundles - 	Entry: C:\Users\cosas\.p2\pool\plugins\org.eclipse.m2e.maven.runtime_3.9.900.20240824-1409\jars\maven-resolver-transport-file-1.9.22.jar
2026-01-29 10:04:36,810 [Worker-5: Launching mavenrun-9dbd09f9-bac2-4582-aa52-a3d692873bd2] INFO  o.eclipse.m2e.core.internal.Bundles - 	Entry: C:\Users\cosas\.p2\pool\plugins\org.eclipse.m2e.maven.runtime_3.9.900.20240824-1409\jars\maven-resolver-transport-http-1.9.22.jar
2026-01-29 10:04:36,810 [Worker-5: Launching mavenrun-9dbd09f9-bac2-4582-aa52-a3d692873bd2] INFO  o.eclipse.m2e.core.internal.Bundles - 	Entry: C:\Users\cosas\.p2\pool\plugins\org.eclipse.m2e.maven.runtime_3.9.900.20240824-1409\jars\maven-resolver-transport-wagon-1.9.22.jar
2026-01-29 10:04:36,810 [Worker-5: Launching mavenrun-9dbd09f9-bac2-4582-aa52-a3d692873bd2] INFO  o.eclipse.m2e.core.internal.Bundles - 	Entry: C:\Users\cosas\.p2\pool\plugins\org.eclipse.m2e.maven.runtime_3.9.900.20240824-1409\jars\maven-resolver-util-1.9.22.jar
2026-01-29 10:04:36,810 [Worker-5: Launching mavenrun-9dbd09f9-bac2-4582-aa52-a3d692873bd2] INFO  o.eclipse.m2e.core.internal.Bundles - 	Entry: C:\Users\cosas\.p2\pool\plugins\org.eclipse.m2e.maven.runtime_3.9.900.20240824-1409\jars\maven-settings-3.9.9.jar
2026-01-29 10:04:36,810 [Worker-5: Launching mavenrun-9dbd09f9-bac2-4582-aa52-a3d692873bd2] INFO  o.eclipse.m2e.core.internal.Bundles - 	Entry: C:\Users\cosas\.p2\pool\plugins\org.eclipse.m2e.maven.runtime_3.9.900.20240824-1409\jars\maven-settings-builder-3.9.9.jar
2026-01-29 10:04:36,810 [Worker-5: Launching mavenrun-9dbd09f9-bac2-4582-aa52-a3d692873bd2] INFO  o.eclipse.m2e.core.internal.Bundles - 	Entry: C:\Users\cosas\.p2\pool\plugins\org.eclipse.m2e.maven.runtime_3.9.900.20240824-1409\jars\maven-shared-utils-3.4.2.jar
2026-01-29 10:04:36,811 [Worker-5: Launching mavenrun-9dbd09f9-bac2-4582-aa52-a3d692873bd2] INFO  o.eclipse.m2e.core.internal.Bundles - 	Entry: C:\Users\cosas\.p2\pool\plugins\org.eclipse.m2e.maven.runtime_3.9.900.20240824-1409\jars\org.eclipse.sisu.inject-0.9.0.M3.jar
2026-01-29 10:04:36,812 [Worker-5: Launching mavenrun-9dbd09f9-bac2-4582-aa52-a3d692873bd2] INFO  o.eclipse.m2e.core.internal.Bundles - 	Entry: C:\Users\cosas\.p2\pool\plugins\org.eclipse.m2e.maven.runtime_3.9.900.20240824-1409\jars\org.eclipse.sisu.plexus-0.9.0.M3.jar
2026-01-29 10:04:36,812 [Worker-5: Launching mavenrun-9dbd09f9-bac2-4582-aa52-a3d692873bd2] INFO  o.eclipse.m2e.core.internal.Bundles - 	Entry: C:\Users\cosas\.p2\pool\plugins\org.eclipse.m2e.maven.runtime_3.9.900.20240824-1409\jars\plexus-build-api-0.0.7.jar
2026-01-29 10:04:36,812 [Worker-5: Launching mavenrun-9dbd09f9-bac2-4582-aa52-a3d692873bd2] INFO  o.eclipse.m2e.core.internal.Bundles - 	Entry: C:\Users\cosas\.p2\pool\plugins\org.eclipse.m2e.maven.runtime_3.9.900.20240824-1409\jars\plexus-build-api-1.2.0.jar
2026-01-29 10:04:36,812 [Worker-5: Launching mavenrun-9dbd09f9-bac2-4582-aa52-a3d692873bd2] INFO  o.eclipse.m2e.core.internal.Bundles - 	Entry: C:\Users\cosas\.p2\pool\plugins\org.eclipse.m2e.maven.runtime_3.9.900.20240824-1409\jars\plexus-cipher-2.0.jar
2026-01-29 10:04:36,812 [Worker-5: Launching mavenrun-9dbd09f9-bac2-4582-aa52-a3d692873bd2] INFO  o.eclipse.m2e.core.internal.Bundles - 	Entry: C:\Users\cosas\.p2\pool\plugins\org.eclipse.m2e.maven.runtime_3.9.900.20240824-1409\jars\plexus-classworlds-2.8.0.jar
2026-01-29 10:04:36,812 [Worker-5: Launching mavenrun-9dbd09f9-bac2-4582-aa52-a3d692873bd2] INFO  o.eclipse.m2e.core.internal.Bundles - 	Entry: C:\Users\cosas\.p2\pool\plugins\org.eclipse.m2e.maven.runtime_3.9.900.20240824-1409\jars\plexus-component-annotations-2.1.0.jar
2026-01-29 10:04:36,812 [Worker-5: Launching mavenrun-9dbd09f9-bac2-4582-aa52-a3d692873bd2] INFO  o.eclipse.m2e.core.internal.Bundles - 	Entry: C:\Users\cosas\.p2\pool\plugins\org.eclipse.m2e.maven.runtime_3.9.900.20240824-1409\jars\plexus-interpolation-1.27.jar
2026-01-29 10:04:36,812 [Worker-5: Launching mavenrun-9dbd09f9-bac2-4582-aa52-a3d692873bd2] INFO  o.eclipse.m2e.core.internal.Bundles - 	Entry: C:\Users\cosas\.p2\pool\plugins\org.eclipse.m2e.maven.runtime_3.9.900.20240824-1409\jars\plexus-sec-dispatcher-2.0.jar
2026-01-29 10:04:36,813 [Worker-5: Launching mavenrun-9dbd09f9-bac2-4582-aa52-a3d692873bd2] INFO  o.eclipse.m2e.core.internal.Bundles - 	Entry: C:\Users\cosas\.p2\pool\plugins\org.eclipse.m2e.maven.runtime_3.9.900.20240824-1409\jars\plexus-utils-3.5.1.jar
2026-01-29 10:04:36,813 [Worker-5: Launching mavenrun-9dbd09f9-bac2-4582-aa52-a3d692873bd2] INFO  o.eclipse.m2e.core.internal.Bundles - 	Entry: C:\Users\cosas\.p2\pool\plugins\org.eclipse.m2e.maven.runtime_3.9.900.20240824-1409\jars\plexus-xml-3.0.1.jar
2026-01-29 10:04:36,814 [Worker-5: Launching mavenrun-9dbd09f9-bac2-4582-aa52-a3d692873bd2] INFO  o.eclipse.m2e.core.internal.Bundles - 	Entry: C:\Users\cosas\.p2\pool\plugins\org.eclipse.m2e.maven.runtime_3.9.900.20240824-1409\jars\wagon-file-3.5.3.jar
2026-01-29 10:04:36,814 [Worker-5: Launching mavenrun-9dbd09f9-bac2-4582-aa52-a3d692873bd2] INFO  o.eclipse.m2e.core.internal.Bundles - 	Entry: C:\Users\cosas\.p2\pool\plugins\org.eclipse.m2e.maven.runtime_3.9.900.20240824-1409\jars\wagon-http-3.5.3.jar
2026-01-29 10:04:36,814 [Worker-5: Launching mavenrun-9dbd09f9-bac2-4582-aa52-a3d692873bd2] INFO  o.eclipse.m2e.core.internal.Bundles - 	Entry: C:\Users\cosas\.p2\pool\plugins\org.eclipse.m2e.maven.runtime_3.9.900.20240824-1409\jars\wagon-http-shared-3.5.3.jar
2026-01-29 10:04:36,814 [Worker-5: Launching mavenrun-9dbd09f9-bac2-4582-aa52-a3d692873bd2] INFO  o.eclipse.m2e.core.internal.Bundles - 	Entry: C:\Users\cosas\.p2\pool\plugins\org.eclipse.m2e.maven.runtime_3.9.900.20240824-1409\jars\wagon-provider-api-3.5.3.jar
2026-01-29 10:04:36,815 [Worker-5: Launching mavenrun-9dbd09f9-bac2-4582-aa52-a3d692873bd2] INFO  o.eclipse.m2e.core.internal.Bundles - getClasspathEntries(Bundle=com.google.guava_33.3.1.jre [10])
2026-01-29 10:04:36,816 [Worker-5: Launching mavenrun-9dbd09f9-bac2-4582-aa52-a3d692873bd2] INFO  o.eclipse.m2e.core.internal.Bundles - 	Entry: C:\Users\cosas\.p2\pool\plugins\com.google.guava_33.3.1.jre.jar
2026-01-29 10:04:36,816 [Worker-5: Launching mavenrun-9dbd09f9-bac2-4582-aa52-a3d692873bd2] INFO  o.eclipse.m2e.core.internal.Bundles - getClasspathEntries(Bundle=slf4j.api_2.0.16 [524])
2026-01-29 10:04:36,816 [Worker-5: Launching mavenrun-9dbd09f9-bac2-4582-aa52-a3d692873bd2] INFO  o.eclipse.m2e.core.internal.Bundles - 	Entry: C:\Users\cosas\.p2\pool\plugins\slf4j.api_2.0.16.jar
2026-01-29 10:04:36,816 [Worker-5: Launching mavenrun-9dbd09f9-bac2-4582-aa52-a3d692873bd2] INFO  o.eclipse.m2e.core.internal.Bundles - getClasspathEntries(Bundle=jakarta.inject.jakarta.inject-api_1.0.5 [22])
2026-01-29 10:04:36,817 [Worker-5: Launching mavenrun-9dbd09f9-bac2-4582-aa52-a3d692873bd2] INFO  o.eclipse.m2e.core.internal.Bundles - 	Entry: C:\Users\cosas\.p2\pool\plugins\jakarta.inject.jakarta.inject-api_1.0.5.jar
2026-01-29 10:04:36,817 [Worker-5: Launching mavenrun-9dbd09f9-bac2-4582-aa52-a3d692873bd2] INFO  o.eclipse.m2e.core.internal.Bundles - getClasspathEntries(Bundle=jakarta.annotation-api_1.3.5 [20])
2026-01-29 10:04:36,817 [Worker-5: Launching mavenrun-9dbd09f9-bac2-4582-aa52-a3d692873bd2] INFO  o.eclipse.m2e.core.internal.Bundles - 	Entry: C:\Users\cosas\.p2\pool\plugins\jakarta.annotation-api_1.3.5.jar
2026-01-29 10:04:36,817 [Worker-5: Launching mavenrun-9dbd09f9-bac2-4582-aa52-a3d692873bd2] INFO  o.eclipse.m2e.core.internal.Bundles - getClasspathEntries(Bundle=org.apache.commons.cli_1.9.0 [47])
2026-01-29 10:04:36,818 [Worker-5: Launching mavenrun-9dbd09f9-bac2-4582-aa52-a3d692873bd2] INFO  o.eclipse.m2e.core.internal.Bundles - 	Entry: C:\Users\cosas\.p2\pool\plugins\org.apache.commons.cli_1.9.0.jar
2026-01-29 10:04:36,818 [Worker-5: Launching mavenrun-9dbd09f9-bac2-4582-aa52-a3d692873bd2] INFO  o.eclipse.m2e.core.internal.Bundles - getClasspathEntries(Bundle=org.apache.commons.commons-codec_1.16.0 [50])
2026-01-29 10:04:36,818 [Worker-5: Launching mavenrun-9dbd09f9-bac2-4582-aa52-a3d692873bd2] INFO  o.eclipse.m2e.core.internal.Bundles - 	Entry: C:\Users\cosas\.p2\pool\plugins\org.apache.commons.commons-codec_1.16.0.jar
2026-01-29 10:04:36,818 [Worker-5: Launching mavenrun-9dbd09f9-bac2-4582-aa52-a3d692873bd2] INFO  o.eclipse.m2e.core.internal.Bundles - getClasspathEntries(Bundle=com.google.guava.failureaccess_1.0.2 [11])
2026-01-29 10:04:36,818 [Worker-5: Launching mavenrun-9dbd09f9-bac2-4582-aa52-a3d692873bd2] INFO  o.eclipse.m2e.core.internal.Bundles - 	Entry: C:\Users\cosas\.p2\pool\plugins\com.google.guava.failureaccess_1.0.2.jar
2026-01-29 10:04:36,823 [Worker-5: Launching mavenrun-9dbd09f9-bac2-4582-aa52-a3d692873bd2] INFO  o.e.m.i.launch.MavenLaunchDelegate - Run build in "C:\Users\cosas\AppData\Local\Temp\m2e-archetypeGenerator13862768054373367836":
2026-01-29 10:04:36,827 [Worker-5: Launching mavenrun-9dbd09f9-bac2-4582-aa52-a3d692873bd2] INFO  o.e.m.i.launch.MavenLaunchDelegate -  mvn  -DarchetypeGroupId=org.apache.maven.archetypes -DarchetypeArtifactId=maven-archetype-simple -DarchetypeVersion=1.5 -DgroupId=cuatrovientos.dam.psp.kafka -DartifactId=colaimpresion -Dversion=0.0.1-SNAPSHOT -Dpackage=cuatrovientos.dam.psp.kafka.colaimpresion -DoutputDirectory=C:\Users\cosas\Documents\JAVA\Kafka_ColaImpresión -Dstyle.color=always -U archetype:generate
2026-01-29 10:04:57,443 [Worker-13: Creating maven-archetype-simple] INFO  o.e.m.c.i.p.ProjectConfigurationManager - Collecting project info '/pom.xml' C:\Users\cosas\Documents\JAVA\Kafka_ColaImpresión\colaimpresion\pom.xml
2026-01-29 10:04:58,036 [Worker-13: Creating maven-archetype-simple] INFO  o.e.m.c.i.l.LifecycleMappingFactory - Using org.eclipse.m2e.jdt.JarLifecycleMapping lifecycle mapping for MavenProject: cuatrovientos.dam.psp.kafka:colaimpresion:0.0.1-SNAPSHOT @ C:\Users\cosas\Documents\JAVA\Kafka_ColaImpresión\colaimpresion\pom.xml.
2026-01-29 10:04:58,598 [Worker-13: Creating maven-archetype-simple] INFO  o.e.m.j.i.AbstractJavaProjectConfigurator - Adding source folder /colaimpresion/src/main/java
2026-01-29 10:04:58,599 [Worker-13: Creating maven-archetype-simple] INFO  o.e.m.j.i.AbstractJavaProjectConfigurator - Adding resource folder /colaimpresion/src/main/resources
2026-01-29 10:04:58,603 [Worker-13: Creating maven-archetype-simple] INFO  o.e.m.j.i.AbstractJavaProjectConfigurator - Adding source folder /colaimpresion/src/test/java
2026-01-29 10:04:58,604 [Worker-13: Creating maven-archetype-simple] INFO  o.e.m.j.i.AbstractJavaProjectConfigurator - Adding resource folder /colaimpresion/src/test/resources
2026-01-29 10:04:58,686 [Worker-13: Creating maven-archetype-simple] INFO  o.e.m.c.i.p.ProjectConfigurationManager - Imported and configured 1 project(s) in 1 sec
2026-01-29 10:05:00,095 [Worker-39: Building] INFO  o.a.m.s.f.DefaultMavenResourcesFiltering - skip non existing resourceDirectory C:\Users\cosas\Documents\JAVA\Kafka_ColaImpresión\colaimpresion\src\main\resources
2026-01-29 10:05:00,105 [Worker-39: Building] INFO  o.a.m.s.f.DefaultMavenResourcesFiltering - skip non existing resourceDirectory C:\Users\cosas\Documents\JAVA\Kafka_ColaImpresión\colaimpresion\src\test\resources
2026-02-01 18:45:47,574 [Worker-6: Loading available Gradle versions] INFO  o.e.b.c.i.u.g.PublishedGradleVersions - Gradle version information cache is out-of-date. Trying to update.
2026-02-01 18:45:55,668 [Worker-10: Building] INFO  o.e.m.c.i.e.AbstractTransferListenerAdapter - Downloading https://repo.maven.apache.org/maven2/org/apache/kafka/kafka-clients/3.7.0/kafka-clients-3.7.0.pom
2026-02-01 18:45:55,690 [Worker-10: Building] INFO  o.e.m.c.i.e.AbstractTransferListenerAdapter - Downloaded https://repo.maven.apache.org/maven2/org/apache/kafka/kafka-clients/3.7.0/kafka-clients-3.7.0.pom
2026-02-01 18:45:55,762 [Worker-10: Building] INFO  o.e.m.c.i.e.AbstractTransferListenerAdapter - Downloading https://repo.maven.apache.org/maven2/com/github/luben/zstd-jni/1.5.5-6/zstd-jni-1.5.5-6.pom
2026-02-01 18:45:55,768 [Worker-10: Building] INFO  o.e.m.c.i.e.AbstractTransferListenerAdapter - Downloaded https://repo.maven.apache.org/maven2/com/github/luben/zstd-jni/1.5.5-6/zstd-jni-1.5.5-6.pom
2026-02-01 18:45:55,818 [Worker-10: Building] INFO  o.e.m.c.i.e.AbstractTransferListenerAdapter - Downloading https://repo.maven.apache.org/maven2/org/lz4/lz4-java/1.8.0/lz4-java-1.8.0.pom
2026-02-01 18:45:55,825 [Worker-10: Building] INFO  o.e.m.c.i.e.AbstractTransferListenerAdapter - Downloaded https://repo.maven.apache.org/maven2/org/lz4/lz4-java/1.8.0/lz4-java-1.8.0.pom
2026-02-01 18:45:55,874 [Worker-10: Building] INFO  o.e.m.c.i.e.AbstractTransferListenerAdapter - Downloading https://repo.maven.apache.org/maven2/org/xerial/snappy/snappy-java/1.1.10.5/snappy-java-1.1.10.5.pom
2026-02-01 18:45:55,879 [Worker-10: Building] INFO  o.e.m.c.i.e.AbstractTransferListenerAdapter - Downloaded https://repo.maven.apache.org/maven2/org/xerial/snappy/snappy-java/1.1.10.5/snappy-java-1.1.10.5.pom
2026-02-01 18:45:55,955 [Worker-10: Building] INFO  o.e.m.c.i.e.AbstractTransferListenerAdapter - Downloading https://repo.maven.apache.org/maven2/com/google/code/gson/gson/2.10.1/gson-2.10.1.pom
2026-02-01 18:45:55,962 [Worker-10: Building] INFO  o.e.m.c.i.e.AbstractTransferListenerAdapter - Downloaded https://repo.maven.apache.org/maven2/com/google/code/gson/gson/2.10.1/gson-2.10.1.pom
2026-02-01 18:45:56,015 [Worker-10: Building] INFO  o.e.m.c.i.e.AbstractTransferListenerAdapter - Downloading https://repo.maven.apache.org/maven2/com/google/code/gson/gson-parent/2.10.1/gson-parent-2.10.1.pom
2026-02-01 18:45:56,025 [Worker-10: Building] INFO  o.e.m.c.i.e.AbstractTransferListenerAdapter - Downloaded https://repo.maven.apache.org/maven2/com/google/code/gson/gson-parent/2.10.1/gson-parent-2.10.1.pom
2026-02-01 18:45:56,083 [Worker-10: Building] INFO  o.e.m.c.i.e.AbstractTransferListenerAdapter - Downloading https://repo.maven.apache.org/maven2/org/slf4j/slf4j-simple/2.0.9/slf4j-simple-2.0.9.pom
2026-02-01 18:45:56,095 [Worker-10: Building] INFO  o.e.m.c.i.e.AbstractTransferListenerAdapter - Downloaded https://repo.maven.apache.org/maven2/org/slf4j/slf4j-simple/2.0.9/slf4j-simple-2.0.9.pom
2026-02-01 18:45:56,151 [Worker-10: Building] INFO  o.e.m.c.i.e.AbstractTransferListenerAdapter - Downloading https://repo.maven.apache.org/maven2/org/slf4j/slf4j-parent/2.0.9/slf4j-parent-2.0.9.pom
2026-02-01 18:45:56,167 [Worker-10: Building] INFO  o.e.m.c.i.e.AbstractTransferListenerAdapter - Downloaded https://repo.maven.apache.org/maven2/org/slf4j/slf4j-parent/2.0.9/slf4j-parent-2.0.9.pom
2026-02-01 18:45:56,293 [Worker-10: Building] INFO  o.e.m.c.i.e.AbstractTransferListenerAdapter - Downloading https://repo.maven.apache.org/maven2/org/slf4j/slf4j-bom/2.0.9/slf4j-bom-2.0.9.pom
2026-02-01 18:45:56,321 [Worker-10: Building] INFO  o.e.m.c.i.e.AbstractTransferListenerAdapter - Downloaded https://repo.maven.apache.org/maven2/org/slf4j/slf4j-bom/2.0.9/slf4j-bom-2.0.9.pom
2026-02-01 18:45:56,474 [Worker-10: Building] INFO  o.e.m.c.i.e.AbstractTransferListenerAdapter - Downloading https://repo.maven.apache.org/maven2/org/slf4j/slf4j-api/2.0.9/slf4j-api-2.0.9.pom
2026-02-01 18:45:56,499 [Worker-10: Building] INFO  o.e.m.c.i.e.AbstractTransferListenerAdapter - Downloaded https://repo.maven.apache.org/maven2/org/slf4j/slf4j-api/2.0.9/slf4j-api-2.0.9.pom
2026-02-01 18:45:56,921 [Worker-10: Building] INFO  o.e.m.c.i.e.AbstractTransferListenerAdapter - Downloading https://repo.maven.apache.org/maven2/org/apache/kafka/kafka-clients/3.7.0/kafka-clients-3.7.0.jar
2026-02-01 18:45:57,212 [Worker-10: Building] INFO  o.e.m.c.i.e.AbstractTransferListenerAdapter - Downloaded https://repo.maven.apache.org/maven2/org/apache/kafka/kafka-clients/3.7.0/kafka-clients-3.7.0.jar
2026-02-01 18:45:57,258 [BasicRepositoryConnector-repo.maven.apache.org-0-1] INFO  o.e.m.c.i.e.AbstractTransferListenerAdapter - Downloading https://repo.maven.apache.org/maven2/org/lz4/lz4-java/1.8.0/lz4-java-1.8.0.jar
2026-02-01 18:45:57,288 [BasicRepositoryConnector-repo.maven.apache.org-0-1] INFO  o.e.m.c.i.e.AbstractTransferListenerAdapter - Downloaded https://repo.maven.apache.org/maven2/org/lz4/lz4-java/1.8.0/lz4-java-1.8.0.jar
2026-02-01 18:45:57,288 [BasicRepositoryConnector-repo.maven.apache.org-0-0] INFO  o.e.m.c.i.e.AbstractTransferListenerAdapter - Downloading https://repo.maven.apache.org/maven2/com/github/luben/zstd-jni/1.5.5-6/zstd-jni-1.5.5-6.jar
2026-02-01 18:45:57,301 [BasicRepositoryConnector-repo.maven.apache.org-0-2] INFO  o.e.m.c.i.e.AbstractTransferListenerAdapter - Downloading https://repo.maven.apache.org/maven2/org/xerial/snappy/snappy-java/1.1.10.5/snappy-java-1.1.10.5.jar
2026-02-01 18:45:57,301 [BasicRepositoryConnector-repo.maven.apache.org-0-3] INFO  o.e.m.c.i.e.AbstractTransferListenerAdapter - Downloading https://repo.maven.apache.org/maven2/com/google/code/gson/gson/2.10.1/gson-2.10.1.jar
2026-02-01 18:45:57,301 [BasicRepositoryConnector-repo.maven.apache.org-0-4] INFO  o.e.m.c.i.e.AbstractTransferListenerAdapter - Downloading https://repo.maven.apache.org/maven2/org/slf4j/slf4j-simple/2.0.9/slf4j-simple-2.0.9.jar
2026-02-01 18:45:57,311 [BasicRepositoryConnector-repo.maven.apache.org-0-4] INFO  o.e.m.c.i.e.AbstractTransferListenerAdapter - Downloaded https://repo.maven.apache.org/maven2/org/slf4j/slf4j-simple/2.0.9/slf4j-simple-2.0.9.jar
2026-02-01 18:45:57,327 [BasicRepositoryConnector-repo.maven.apache.org-0-3] INFO  o.e.m.c.i.e.AbstractTransferListenerAdapter - Downloaded https://repo.maven.apache.org/maven2/com/google/code/gson/gson/2.10.1/gson-2.10.1.jar
2026-02-01 18:45:57,403 [BasicRepositoryConnector-repo.maven.apache.org-0-2] INFO  o.e.m.c.i.e.AbstractTransferListenerAdapter - Downloaded https://repo.maven.apache.org/maven2/org/xerial/snappy/snappy-java/1.1.10.5/snappy-java-1.1.10.5.jar
2026-02-01 18:45:57,488 [BasicRepositoryConnector-repo.maven.apache.org-0-0] INFO  o.e.m.c.i.e.AbstractTransferListenerAdapter - Downloaded https://repo.maven.apache.org/maven2/com/github/luben/zstd-jni/1.5.5-6/zstd-jni-1.5.5-6.jar
2026-02-01 18:45:58,765 [Worker-10: Building] INFO  o.e.m.c.i.l.LifecycleMappingFactory - Using org.eclipse.m2e.jdt.JarLifecycleMapping lifecycle mapping for MavenProject: cuatrovientos.dam.psp.kafka:colaimpresion:0.0.1-SNAPSHOT @ C:\Users\cosas\Documents\JAVA\Kafka_ColaImpresión\colaimpresion\pom.xml.
2026-02-01 18:46:00,304 [Worker-10: Building] INFO  o.a.m.s.f.DefaultMavenResourcesFiltering - skip non existing resourceDirectory C:\Users\cosas\Documents\JAVA\Kafka_ColaImpresión\colaimpresion\src\main\resources
2026-02-01 18:46:00,309 [Worker-10: Building] INFO  o.a.m.s.f.DefaultMavenResourcesFiltering - skip non existing resourceDirectory C:\Users\cosas\Documents\JAVA\Kafka_ColaImpresión\colaimpresion\src\test\resources
2026-02-01 18:46:00,608 [Worker-36: Download sources and javadoc] INFO  o.e.m.c.i.e.AbstractTransferListenerAdapter - Downloading https://repo.maven.apache.org/maven2/org/apache/kafka/kafka-clients/3.7.0/kafka-clients-3.7.0-sources.jar
2026-02-01 18:46:00,726 [Worker-36: Download sources and javadoc] INFO  o.e.m.c.i.e.AbstractTransferListenerAdapter - Downloaded https://repo.maven.apache.org/maven2/org/apache/kafka/kafka-clients/3.7.0/kafka-clients-3.7.0-sources.jar
2026-02-01 18:46:00,734 [Worker-36: Download sources and javadoc] INFO  o.e.m.j.internal.DownloadSourcesJob - Downloaded sources for org.apache.kafka:kafka-clients:3.7.0
2026-02-01 18:46:00,803 [Worker-36: Download sources and javadoc] INFO  o.e.m.c.i.e.AbstractTransferListenerAdapter - Downloading https://repo.maven.apache.org/maven2/com/github/luben/zstd-jni/1.5.5-6/zstd-jni-1.5.5-6-sources.jar
2026-02-01 18:46:00,816 [Worker-36: Download sources and javadoc] INFO  o.e.m.c.i.e.AbstractTransferListenerAdapter - Downloaded https://repo.maven.apache.org/maven2/com/github/luben/zstd-jni/1.5.5-6/zstd-jni-1.5.5-6-sources.jar
2026-02-01 18:46:00,825 [Worker-36: Download sources and javadoc] INFO  o.e.m.j.internal.DownloadSourcesJob - Downloaded sources for com.github.luben:zstd-jni:1.5.5-6
2026-02-01 18:46:00,893 [Worker-36: Download sources and javadoc] INFO  o.e.m.c.i.e.AbstractTransferListenerAdapter - Downloading https://repo.maven.apache.org/maven2/org/lz4/lz4-java/1.8.0/lz4-java-1.8.0-sources.jar
2026-02-01 18:46:00,906 [Worker-36: Download sources and javadoc] INFO  o.e.m.c.i.e.AbstractTransferListenerAdapter - Downloaded https://repo.maven.apache.org/maven2/org/lz4/lz4-java/1.8.0/lz4-java-1.8.0-sources.jar
2026-02-01 18:46:00,914 [Worker-36: Download sources and javadoc] INFO  o.e.m.j.internal.DownloadSourcesJob - Downloaded sources for org.lz4:lz4-java:1.8.0
2026-02-01 18:46:00,985 [Worker-36: Download sources and javadoc] INFO  o.e.m.c.i.e.AbstractTransferListenerAdapter - Downloading https://repo.maven.apache.org/maven2/org/xerial/snappy/snappy-java/1.1.10.5/snappy-java-1.1.10.5-sources.jar
2026-02-01 18:46:01,053 [Worker-36: Download sources and javadoc] INFO  o.e.m.c.i.e.AbstractTransferListenerAdapter - Downloaded https://repo.maven.apache.org/maven2/org/xerial/snappy/snappy-java/1.1.10.5/snappy-java-1.1.10.5-sources.jar
2026-02-01 18:46:01,061 [Worker-36: Download sources and javadoc] INFO  o.e.m.j.internal.DownloadSourcesJob - Downloaded sources for org.xerial.snappy:snappy-java:1.1.10.5
2026-02-01 18:46:01,123 [Worker-36: Download sources and javadoc] INFO  o.e.m.c.i.e.AbstractTransferListenerAdapter - Downloading https://repo.maven.apache.org/maven2/org/slf4j/slf4j-api/1.7.36/slf4j-api-1.7.36-sources.jar
2026-02-01 18:46:01,131 [Worker-36: Download sources and javadoc] INFO  o.e.m.c.i.e.AbstractTransferListenerAdapter - Downloaded https://repo.maven.apache.org/maven2/org/slf4j/slf4j-api/1.7.36/slf4j-api-1.7.36-sources.jar
2026-02-01 18:46:01,139 [Worker-36: Download sources and javadoc] INFO  o.e.m.j.internal.DownloadSourcesJob - Downloaded sources for org.slf4j:slf4j-api:1.7.36
2026-02-01 18:46:01,214 [Worker-36: Download sources and javadoc] INFO  o.e.m.c.i.e.AbstractTransferListenerAdapter - Downloading https://repo.maven.apache.org/maven2/com/google/code/gson/gson/2.10.1/gson-2.10.1-sources.jar
2026-02-01 18:46:01,235 [Worker-36: Download sources and javadoc] INFO  o.e.m.c.i.e.AbstractTransferListenerAdapter - Downloaded https://repo.maven.apache.org/maven2/com/google/code/gson/gson/2.10.1/gson-2.10.1-sources.jar
2026-02-01 18:46:01,241 [Worker-36: Download sources and javadoc] INFO  o.e.m.j.internal.DownloadSourcesJob - Downloaded sources for com.google.code.gson:gson:2.10.1
2026-02-01 18:46:01,320 [Worker-36: Download sources and javadoc] INFO  o.e.m.c.i.e.AbstractTransferListenerAdapter - Downloading https://repo.maven.apache.org/maven2/org/slf4j/slf4j-simple/2.0.9/slf4j-simple-2.0.9-sources.jar
2026-02-01 18:46:01,331 [Worker-36: Download sources and javadoc] INFO  o.e.m.c.i.e.AbstractTransferListenerAdapter - Downloaded https://repo.maven.apache.org/maven2/org/slf4j/slf4j-simple/2.0.9/slf4j-simple-2.0.9-sources.jar
2026-02-01 18:46:01,341 [Worker-36: Download sources and javadoc] INFO  o.e.m.j.internal.DownloadSourcesJob - Downloaded sources for org.slf4j:slf4j-simple:2.0.9
2026-02-01 18:46:02,094 [Worker-9: Building] INFO  o.a.m.s.f.DefaultMavenResourcesFiltering - skip non existing resourceDirectory C:\Users\cosas\Documents\JAVA\Kafka_ColaImpresión\colaimpresion\src\main\resources
2026-02-01 18:46:02,099 [Worker-9: Building] INFO  o.a.m.s.f.DefaultMavenResourcesFiltering - skip non existing resourceDirectory C:\Users\cosas\Documents\JAVA\Kafka_ColaImpresión\colaimpresion\src\test\resources
2026-02-01 18:47:43,729 [Worker-11: Launching App] INFO  o.a.m.s.f.DefaultMavenResourcesFiltering - skip non existing resourceDirectory C:\Users\cosas\Documents\JAVA\Kafka_ColaImpresión\colaimpresion\src\main\resources
2026-02-01 18:47:43,734 [Worker-11: Launching App] INFO  o.a.m.s.f.DefaultMavenResourcesFiltering - skip non existing resourceDirectory C:\Users\cosas\Documents\JAVA\Kafka_ColaImpresión\colaimpresion\src\test\resources
2026-02-01 19:30:49,112 [Worker-20: Updating Maven Project] INFO  o.e.m.c.i.p.ProjectConfigurationManager - Update started
2026-02-01 19:30:49,206 [Worker-20: Updating Maven Project] INFO  o.e.m.c.i.l.LifecycleMappingFactory - Using org.eclipse.m2e.jdt.JarLifecycleMapping lifecycle mapping for MavenProject: cuatrovientos.dam.psp.kafka:colaimpresion:0.0.1-SNAPSHOT @ C:\Users\cosas\Documents\JAVA\Kafka_ColaImpresión\colaimpresion\pom.xml.
2026-02-01 19:30:49,336 [Worker-20: Updating Maven Project] INFO  o.e.m.c.i.e.AbstractTransferListenerAdapter - Downloading https://repo.maven.apache.org/maven2/org/slf4j/slf4j-simple/1.7.36/slf4j-simple-1.7.36.pom
2026-02-01 19:30:49,343 [Worker-20: Updating Maven Project] INFO  o.e.m.c.i.e.AbstractTransferListenerAdapter - Downloaded https://repo.maven.apache.org/maven2/org/slf4j/slf4j-simple/1.7.36/slf4j-simple-1.7.36.pom
2026-02-01 19:30:49,388 [Worker-20: Updating Maven Project] INFO  o.e.m.c.i.e.AbstractTransferListenerAdapter - Downloading https://repo.maven.apache.org/maven2/org/slf4j/slf4j-simple/1.7.36/slf4j-simple-1.7.36.jar
2026-02-01 19:30:49,392 [Worker-20: Updating Maven Project] INFO  o.e.m.c.i.e.AbstractTransferListenerAdapter - Downloaded https://repo.maven.apache.org/maven2/org/slf4j/slf4j-simple/1.7.36/slf4j-simple-1.7.36.jar
2026-02-01 19:30:49,736 [Worker-20: Updating Maven Project] INFO  o.e.m.j.i.AbstractJavaProjectConfigurator - Adding source folder /colaimpresion/src/main/java
2026-02-01 19:30:49,739 [Worker-20: Updating Maven Project] INFO  o.e.m.j.i.AbstractJavaProjectConfigurator - Adding resource folder /colaimpresion/src/main/resources
2026-02-01 19:30:49,740 [Worker-20: Updating Maven Project] INFO  o.e.m.j.i.AbstractJavaProjectConfigurator - Adding source folder /colaimpresion/src/test/java
2026-02-01 19:30:49,740 [Worker-20: Updating Maven Project] INFO  o.e.m.j.i.AbstractJavaProjectConfigurator - Adding resource folder /colaimpresion/src/test/resources
2026-02-01 19:30:49,895 [Worker-20: Updating Maven Project] INFO  o.e.m.c.i.p.ProjectConfigurationManager - Update completed for 1 poms: local refresh takes 0,00 sec, refresh facades takes 0,00 sec, update config takes 0,00 sec 
2026-02-01 19:30:50,380 [Worker-52: Building] INFO  o.a.m.s.f.DefaultMavenResourcesFiltering - skip non existing resourceDirectory C:\Users\cosas\Documents\JAVA\Kafka_ColaImpresión\colaimpresion\src\main\resources
2026-02-01 19:30:50,387 [Worker-52: Building] INFO  o.a.m.s.f.DefaultMavenResourcesFiltering - skip non existing resourceDirectory C:\Users\cosas\Documents\JAVA\Kafka_ColaImpresión\colaimpresion\src\test\resources
2026-02-01 19:30:50,544 [Worker-51: Download sources and javadoc] INFO  o.e.m.c.i.e.AbstractTransferListenerAdapter - Downloading https://repo.maven.apache.org/maven2/org/slf4j/slf4j-simple/1.7.36/slf4j-simple-1.7.36-sources.jar
2026-02-01 19:30:50,552 [Worker-51: Download sources and javadoc] INFO  o.e.m.c.i.e.AbstractTransferListenerAdapter - Downloaded https://repo.maven.apache.org/maven2/org/slf4j/slf4j-simple/1.7.36/slf4j-simple-1.7.36-sources.jar
2026-02-01 19:30:50,558 [Worker-51: Download sources and javadoc] INFO  o.e.m.j.internal.DownloadSourcesJob - Downloaded sources for org.slf4j:slf4j-simple:1.7.36
